Performing C SOURCE FILE Test CMAKE_HAVE_LIBC_PTHREAD failed with the following output:
Change Dir: /home/lyalyashechka/TP/DZ_C_C++/cmake-build/CMakeFiles/CMakeTmp

Run Build Command(s):/usr/bin/gmake cmTC_d8d4d/fast && /usr/bin/gmake -f CMakeFiles/cmTC_d8d4d.dir/build.make CMakeFiles/cmTC_d8d4d.dir/build
gmake[1]: вход в каталог «/home/lyalyashechka/TP/DZ_C_C++/cmake-build/CMakeFiles/CMakeTmp»
Building C object CMakeFiles/cmTC_d8d4d.dir/src.c.o
/usr/bin/cc   -DCMAKE_HAVE_LIBC_PTHREAD   -std=gnu11 -o CMakeFiles/cmTC_d8d4d.dir/src.c.o   -c /home/lyalyashechka/TP/DZ_C_C++/cmake-build/CMakeFiles/CMakeTmp/src.c
Linking C executable cmTC_d8d4d
/usr/bin/cmake -E cmake_link_script CMakeFiles/cmTC_d8d4d.dir/link.txt --verbose=1
/usr/bin/cc  -DCMAKE_HAVE_LIBC_PTHREAD    CMakeFiles/cmTC_d8d4d.dir/src.c.o  -o cmTC_d8d4d 
/usr/bin/ld: CMakeFiles/cmTC_d8d4d.dir/src.c.o: в функции «main»:
src.c:(.text+0x46): неопределённая ссылка на «pthread_create»
/usr/bin/ld: src.c:(.text+0x52): неопределённая ссылка на «pthread_detach»
/usr/bin/ld: src.c:(.text+0x63): неопределённая ссылка на «pthread_join»
collect2: error: ld returned 1 exit status
gmake[1]: *** [CMakeFiles/cmTC_d8d4d.dir/build.make:87: cmTC_d8d4d] Ошибка 1
gmake[1]: выход из каталога «/home/lyalyashechka/TP/DZ_C_C++/cmake-build/CMakeFiles/CMakeTmp»
gmake: *** [Makefile:121: cmTC_d8d4d/fast] Ошибка 2


Source file was:
#include <pthread.h>

void* test_func(void* data)
{
  return data;
}

int main(void)
{
  pthread_t thread;
  pthread_create(&thread, NULL, test_func, NULL);
  pthread_detach(thread);
  pthread_join(thread, NULL);
  pthread_atfork(NULL, NULL, NULL);
  pthread_exit(NULL);

  return 0;
}

Determining if the function pthread_create exists in the pthreads failed with the following output:
Change Dir: /home/lyalyashechka/TP/DZ_C_C++/cmake-build/CMakeFiles/CMakeTmp

Run Build Command(s):/usr/bin/gmake cmTC_60f57/fast && /usr/bin/gmake -f CMakeFiles/cmTC_60f57.dir/build.make CMakeFiles/cmTC_60f57.dir/build
gmake[1]: вход в каталог «/home/lyalyashechka/TP/DZ_C_C++/cmake-build/CMakeFiles/CMakeTmp»
Building C object CMakeFiles/cmTC_60f57.dir/CheckFunctionExists.c.o
/usr/bin/cc   -DCHECK_FUNCTION_EXISTS=pthread_create   -std=gnu11 -o CMakeFiles/cmTC_60f57.dir/CheckFunctionExists.c.o   -c /usr/share/cmake-3.16/Modules/CheckFunctionExists.c
Linking C executable cmTC_60f57
/usr/bin/cmake -E cmake_link_script CMakeFiles/cmTC_60f57.dir/link.txt --verbose=1
/usr/bin/cc  -DCHECK_FUNCTION_EXISTS=pthread_create    CMakeFiles/cmTC_60f57.dir/CheckFunctionExists.c.o  -o cmTC_60f57  -lpthreads 
/usr/bin/ld: невозможно найти -lpthreads
collect2: error: ld returned 1 exit status
gmake[1]: *** [CMakeFiles/cmTC_60f57.dir/build.make:87: cmTC_60f57] Ошибка 1
gmake[1]: выход из каталога «/home/lyalyashechka/TP/DZ_C_C++/cmake-build/CMakeFiles/CMakeTmp»
gmake: *** [Makefile:121: cmTC_60f57/fast] Ошибка 2



Performing C SOURCE FILE Test CMAKE_HAVE_LIBC_PTHREAD failed with the following output:
Change Dir: /home/lyalyashechka/TP/DZ_C_C++/cmake-build/CMakeFiles/CMakeTmp

Run Build Command(s):/usr/bin/gmake cmTC_3965b/fast && /usr/bin/gmake -f CMakeFiles/cmTC_3965b.dir/build.make CMakeFiles/cmTC_3965b.dir/build
gmake[1]: вход в каталог «/home/lyalyashechka/TP/DZ_C_C++/cmake-build/CMakeFiles/CMakeTmp»
Building C object CMakeFiles/cmTC_3965b.dir/src.c.o
/usr/bin/cc   -DCMAKE_HAVE_LIBC_PTHREAD   -o CMakeFiles/cmTC_3965b.dir/src.c.o   -c /home/lyalyashechka/TP/DZ_C_C++/cmake-build/CMakeFiles/CMakeTmp/src.c
Linking C executable cmTC_3965b
/usr/bin/cmake -E cmake_link_script CMakeFiles/cmTC_3965b.dir/link.txt --verbose=1
/usr/bin/cc  -DCMAKE_HAVE_LIBC_PTHREAD    CMakeFiles/cmTC_3965b.dir/src.c.o  -o cmTC_3965b 
/usr/bin/ld: CMakeFiles/cmTC_3965b.dir/src.c.o: в функции «main»:
src.c:(.text+0x46): неопределённая ссылка на «pthread_create»
/usr/bin/ld: src.c:(.text+0x52): неопределённая ссылка на «pthread_detach»
/usr/bin/ld: src.c:(.text+0x63): неопределённая ссылка на «pthread_join»
collect2: error: ld returned 1 exit status
gmake[1]: *** [CMakeFiles/cmTC_3965b.dir/build.make:87: cmTC_3965b] Ошибка 1
gmake[1]: выход из каталога «/home/lyalyashechka/TP/DZ_C_C++/cmake-build/CMakeFiles/CMakeTmp»
gmake: *** [Makefile:121: cmTC_3965b/fast] Ошибка 2


Source file was:
#include <pthread.h>

void* test_func(void* data)
{
  return data;
}

int main(void)
{
  pthread_t thread;
  pthread_create(&thread, NULL, test_func, NULL);
  pthread_detach(thread);
  pthread_join(thread, NULL);
  pthread_atfork(NULL, NULL, NULL);
  pthread_exit(NULL);

  return 0;
}

Determining if the function pthread_create exists in the pthreads failed with the following output:
Change Dir: /home/lyalyashechka/TP/DZ_C_C++/cmake-build/CMakeFiles/CMakeTmp

Run Build Command(s):/usr/bin/gmake cmTC_b11bb/fast && /usr/bin/gmake -f CMakeFiles/cmTC_b11bb.dir/build.make CMakeFiles/cmTC_b11bb.dir/build
gmake[1]: вход в каталог «/home/lyalyashechka/TP/DZ_C_C++/cmake-build/CMakeFiles/CMakeTmp»
Building C object CMakeFiles/cmTC_b11bb.dir/CheckFunctionExists.c.o
/usr/bin/cc   -DCHECK_FUNCTION_EXISTS=pthread_create   -o CMakeFiles/cmTC_b11bb.dir/CheckFunctionExists.c.o   -c /usr/share/cmake-3.16/Modules/CheckFunctionExists.c
Linking C executable cmTC_b11bb
/usr/bin/cmake -E cmake_link_script CMakeFiles/cmTC_b11bb.dir/link.txt --verbose=1
/usr/bin/cc  -DCHECK_FUNCTION_EXISTS=pthread_create    CMakeFiles/cmTC_b11bb.dir/CheckFunctionExists.c.o  -o cmTC_b11bb  -lpthreads 
/usr/bin/ld: невозможно найти -lpthreads
collect2: error: ld returned 1 exit status
gmake[1]: *** [CMakeFiles/cmTC_b11bb.dir/build.make:87: cmTC_b11bb] Ошибка 1
gmake[1]: выход из каталога «/home/lyalyashechka/TP/DZ_C_C++/cmake-build/CMakeFiles/CMakeTmp»
gmake: *** [Makefile:121: cmTC_b11bb/fast] Ошибка 2



Performing C SOURCE FILE Test CMAKE_HAVE_LIBC_PTHREAD failed with the following output:
Change Dir: /home/lyalyashechka/TP/c_c-_tp/cmake-build/CMakeFiles/CMakeTmp

Run Build Command(s):/usr/bin/gmake cmTC_29c8c/fast && /usr/bin/gmake -f CMakeFiles/cmTC_29c8c.dir/build.make CMakeFiles/cmTC_29c8c.dir/build
gmake[1]: вход в каталог «/home/lyalyashechka/TP/c_c-_tp/cmake-build/CMakeFiles/CMakeTmp»
Building C object CMakeFiles/cmTC_29c8c.dir/src.c.o
/usr/bin/cc   -DCMAKE_HAVE_LIBC_PTHREAD   -std=gnu11 -o CMakeFiles/cmTC_29c8c.dir/src.c.o   -c /home/lyalyashechka/TP/c_c-_tp/cmake-build/CMakeFiles/CMakeTmp/src.c
Linking C executable cmTC_29c8c
/usr/bin/cmake -E cmake_link_script CMakeFiles/cmTC_29c8c.dir/link.txt --verbose=1
/usr/bin/cc  -DCMAKE_HAVE_LIBC_PTHREAD    CMakeFiles/cmTC_29c8c.dir/src.c.o  -o cmTC_29c8c 
/usr/bin/ld: CMakeFiles/cmTC_29c8c.dir/src.c.o: в функции «main»:
src.c:(.text+0x46): неопределённая ссылка на «pthread_create»
/usr/bin/ld: src.c:(.text+0x52): неопределённая ссылка на «pthread_detach»
/usr/bin/ld: src.c:(.text+0x63): неопределённая ссылка на «pthread_join»
collect2: error: ld returned 1 exit status
gmake[1]: *** [CMakeFiles/cmTC_29c8c.dir/build.make:87: cmTC_29c8c] Ошибка 1
gmake[1]: выход из каталога «/home/lyalyashechka/TP/c_c-_tp/cmake-build/CMakeFiles/CMakeTmp»
gmake: *** [Makefile:121: cmTC_29c8c/fast] Ошибка 2


Source file was:
#include <pthread.h>

void* test_func(void* data)
{
  return data;
}

int main(void)
{
  pthread_t thread;
  pthread_create(&thread, NULL, test_func, NULL);
  pthread_detach(thread);
  pthread_join(thread, NULL);
  pthread_atfork(NULL, NULL, NULL);
  pthread_exit(NULL);

  return 0;
}

Determining if the function pthread_create exists in the pthreads failed with the following output:
Change Dir: /home/lyalyashechka/TP/c_c-_tp/cmake-build/CMakeFiles/CMakeTmp

Run Build Command(s):/usr/bin/gmake cmTC_3ae1d/fast && /usr/bin/gmake -f CMakeFiles/cmTC_3ae1d.dir/build.make CMakeFiles/cmTC_3ae1d.dir/build
gmake[1]: вход в каталог «/home/lyalyashechka/TP/c_c-_tp/cmake-build/CMakeFiles/CMakeTmp»
Building C object CMakeFiles/cmTC_3ae1d.dir/CheckFunctionExists.c.o
/usr/bin/cc   -DCHECK_FUNCTION_EXISTS=pthread_create   -std=gnu11 -o CMakeFiles/cmTC_3ae1d.dir/CheckFunctionExists.c.o   -c /usr/share/cmake-3.16/Modules/CheckFunctionExists.c
Linking C executable cmTC_3ae1d
/usr/bin/cmake -E cmake_link_script CMakeFiles/cmTC_3ae1d.dir/link.txt --verbose=1
/usr/bin/cc  -DCHECK_FUNCTION_EXISTS=pthread_create    CMakeFiles/cmTC_3ae1d.dir/CheckFunctionExists.c.o  -o cmTC_3ae1d  -lpthreads 
/usr/bin/ld: невозможно найти -lpthreads
collect2: error: ld returned 1 exit status
gmake[1]: *** [CMakeFiles/cmTC_3ae1d.dir/build.make:87: cmTC_3ae1d] Ошибка 1
gmake[1]: выход из каталога «/home/lyalyashechka/TP/c_c-_tp/cmake-build/CMakeFiles/CMakeTmp»
gmake: *** [Makefile:121: cmTC_3ae1d/fast] Ошибка 2



